# vsim -sv_seed random uart_tb "+UVM_TESTNAME=word_format_poll_test" -do "coverage save word_format_poll_1.ucdb -onexit;run -all" -c -l word_format_poll_1.log -coverage -voptargs="+acc" 
# Start time: 21:19:50 on Aug 30,2023
# ** Note: (vsim-3813) Design is being optimized due to module recompilation...
# //  Questa Sim-64
# //  Version 10.6c win64 Jul 26 2017
# //
# //  Copyright 1991-2017 Mentor Graphics Corporation
# //  All Rights Reserved.
# //
# //  QuestaSim and its associated documentation contain trade
# //  secrets and commercial or financial information that are the property of
# //  Mentor Graphics Corporation and are privileged, confidential,
# //  and exempt from disclosure under the Freedom of Information Act,
# //  5 U.S.C. Section 552. Furthermore, this information
# //  is prohibited from disclosure under the Trade Secrets Act,
# //  18 U.S.C. Section 1905.
# //
# Loading sv_std.std
# Loading work.apb_if(fast)
# Loading work.modem_if(fast)
# Loading mtiUvm.uvm_pkg
# Loading work.uart_agent_pkg(fast)
# Loading work.uart_seq_pkg(fast)
# Loading work.uart_reg_pkg(fast)
# Loading work.modem_agent_pkg(fast)
# Loading work.apb_agent_pkg(fast)
# Loading work.uart_env_pkg(fast)
# Loading work.host_if_seq_pkg(fast)
# Loading work.uart_vseq_pkg(fast)
# Loading work.uart_test_pkg(fast)
# Loading work.serial_if(fast)
# Loading work.interrupt_if(fast)
# Loading work.uart_tb(fast)
# Loading work.apb_if(fast)
# Loading work.serial_if(fast)
# Loading work.modem_if(fast)
# Loading work.interrupt_if(fast)
# Loading work.uart_16550(fast)
# Loading work.uart_register_file(fast)
# Loading work.uart_tx(fast)
# Loading work.uart_tx_fifo(fast)
# Loading work.uart_rx(fast)
# Loading work.uart_rx_fifo(fast)
# Loading work.apb_monitor(fast)
# Loading mtiUvm.questa_uvm_pkg(fast)
# Loading D:/icTools/qsim10.6setupFiles/uvm-1.1d\win64\uvm_dpi.dll
# Sv_Seed = 3681057958
# coverage save word_format_poll_1.ucdb -onexit
# run -all
# ----------------------------------------------------------------
# UVM-1.1d
# (C) 2007-2013 Mentor Graphics Corporation
# (C) 2007-2013 Cadence Design Systems, Inc.
# (C) 2006-2013 Synopsys, Inc.
# (C) 2011-2013 Cypress Semiconductor Corp.
# ----------------------------------------------------------------
# 
#   ***********       IMPORTANT RELEASE NOTES         ************
# 
#   You are using a version of the UVM library that has been compiled
#   with `UVM_NO_DEPRECATED undefined.
#   See http://www.eda.org/svdb/view.php?id=3313 for more details.
# 
#   You are using a version of the UVM library that has been compiled
#   with `UVM_OBJECT_MUST_HAVE_CONSTRUCTOR undefined.
#   See http://www.eda.org/svdb/view.php?id=3770 for more details.
# 
#       (Specify +UVM_NO_RELNOTES to turn off this notice)
# 
# UVM_INFO verilog_src/questa_uvm_pkg-1.2/src/questa_uvm_pkg.sv(215) @ 0: reporter [Questa UVM] QUESTA_UVM-1.2.3
# UVM_INFO verilog_src/questa_uvm_pkg-1.2/src/questa_uvm_pkg.sv(217) @ 0: reporter [Questa UVM]  questa_uvm::init(+struct)
# UVM_INFO @ 0: reporter [RNTST] Running test word_format_poll_test...
# rx_uart_config.baud_divisor =     2
# tx_uart_config.baud_divisor =    20
# UVM_INFO verilog_src/uvm-1.1d/src/base/uvm_objection.svh(1268) @ 2725: reporter [TEST_DONE] 'run' phase is ready to proceed to the 'extract' phase
# UVM_INFO ../uvm_tb/env/baud_rate_checker.svh(144) @ 2725: uvm_test_top.m_env.br_sb [report_phase] No baud rate errors detected
# UVM_INFO ../uvm_tb/env/uart_modem_scoreboard.svh(207) @ 2725: uvm_test_top.m_env.modem_sb [uart_modem_scoreboard::report_phase] No modem errors observed
# UVM_INFO ../uvm_tb/env/uart_rx_scoreboard.svh(156) @ 2725: uvm_test_top.m_env.rx_sb [report_phase] 1 characters received by the UART with 0 inserted errors
# UVM_INFO ../uvm_tb/env/uart_tx_scoreboard.svh(134) @ 2725: uvm_test_top.m_env.tx_sb [report_phase] 1 characters transmitted from the UART with no errors
# UVM_INFO ../uvm_tb/tests/word_format_poll_test.svh(45) @ 2725: uvm_test_top [*** UVM TEST PASSED ***] No RX or TX data errors detected
# 
# --- UVM Report Summary ---
# 
# ** Report counts by severity
# UVM_INFO :    9
# UVM_WARNING :    0
# UVM_ERROR :    0
# UVM_FATAL :    0
# ** Report counts by id
# [*** UVM TEST PASSED ***]     1
# [Questa UVM]     2
# [RNTST]     1
# [TEST_DONE]     1
# [report_phase]     3
# [uart_modem_scoreboard::report_phase]     1
# ** Note: $finish    : D:/icTools/qsim10.6setupFiles/win64/../verilog_src/uvm-1.1d/src/base/uvm_root.svh(430)
#    Time: 2725 ns  Iteration: 66  Instance: /uart_tb
# Saving coverage database on exit...
# End time: 21:20:05 on Aug 30,2023, Elapsed time: 0:00:15
# Errors: 0, Warnings: 0
