# vsim uart_tb "+UVM_TESTNAME=word_format_poll_test" -do "coverage save word_format_poll.ucdb -onexit;run -all" -c -l word_format_poll.log -coverage -voptargs="+acc" 
# Start time: 16:26:36 on Aug 13,2023
# ** Note: (vsim-3813) Design is being optimized due to module recompilation...
# //  Questa Sim-64
# //  Version 10.6c win64 Jul 26 2017
# //
# //  Copyright 1991-2017 Mentor Graphics Corporation
# //  All Rights Reserved.
# //
# //  QuestaSim and its associated documentation contain trade
# //  secrets and commercial or financial information that are the property of
# //  Mentor Graphics Corporation and are privileged, confidential,
# //  and exempt from disclosure under the Freedom of Information Act,
# //  5 U.S.C. Section 552. Furthermore, this information
# //  is prohibited from disclosure under the Trade Secrets Act,
# //  18 U.S.C. Section 1905.
# //
# Loading sv_std.std
# Loading work.apb_if(fast)
# Loading work.modem_if(fast)
# Loading mtiUvm.uvm_pkg
# Loading work.uart_agent_pkg(fast)
# Loading work.uart_seq_pkg(fast)
# Loading work.uart_reg_pkg(fast)
# Loading work.modem_agent_pkg(fast)
# Loading work.apb_agent_pkg(fast)
# Loading work.uart_env_pkg(fast)
# Loading work.host_if_seq_pkg(fast)
# Loading work.uart_vseq_pkg(fast)
# Loading work.uart_test_pkg(fast)
# Loading work.serial_if(fast)
# Loading work.interrupt_if(fast)
# Loading work.uart_tb(fast)
# Loading work.apb_if(fast)
# Loading work.serial_if(fast)
# Loading work.modem_if(fast)
# Loading work.interrupt_if(fast)
# Loading work.uart_16550(fast)
# Loading work.uart_register_file(fast)
# Loading work.uart_tx(fast)
# Loading work.uart_tx_fifo(fast)
# Loading work.uart_rx(fast)
# Loading work.uart_rx_fifo(fast)
# Loading work.apb_monitor(fast)
# Loading mtiUvm.questa_uvm_pkg(fast)
# Loading D:/icTools/qsim10.6setupFiles/uvm-1.1d\win64\uvm_dpi.dll
# coverage save word_format_poll.ucdb -onexit
# run -all
# ----------------------------------------------------------------
# UVM-1.1d
# (C) 2007-2013 Mentor Graphics Corporation
# (C) 2007-2013 Cadence Design Systems, Inc.
# (C) 2006-2013 Synopsys, Inc.
# (C) 2011-2013 Cypress Semiconductor Corp.
# ----------------------------------------------------------------
# 
#   ***********       IMPORTANT RELEASE NOTES         ************
# 
#   You are using a version of the UVM library that has been compiled
#   with `UVM_NO_DEPRECATED undefined.
#   See http://www.eda.org/svdb/view.php?id=3313 for more details.
# 
#   You are using a version of the UVM library that has been compiled
#   with `UVM_OBJECT_MUST_HAVE_CONSTRUCTOR undefined.
#   See http://www.eda.org/svdb/view.php?id=3770 for more details.
# 
#       (Specify +UVM_NO_RELNOTES to turn off this notice)
# 
# UVM_INFO verilog_src/questa_uvm_pkg-1.2/src/questa_uvm_pkg.sv(215) @ 0: reporter [Questa UVM] QUESTA_UVM-1.2.3
# UVM_INFO verilog_src/questa_uvm_pkg-1.2/src/questa_uvm_pkg.sv(217) @ 0: reporter [Questa UVM]  questa_uvm::init(+struct)
# UVM_INFO @ 0: reporter [RNTST] Running test word_format_poll_test...
# UVM_INFO ../uvm_tb/env/uart_rx_scoreboard.svh(93) @ 183555: uvm_test_top.m_env.rx_sb [monitor_uart] RX Data error detected: PE:0 FE:1 LCR:1b
# UVM_ERROR ../uvm_tb/env/uart_rx_scoreboard.svh(133) @ 183605: uvm_test_top.m_env.rx_sb [monitor_uart] Error in LSR FE bit - expected:0 actual:0
# UVM_INFO ../uvm_tb/env/uart_rx_scoreboard.svh(93) @ 305175: uvm_test_top.m_env.rx_sb [monitor_uart] RX Data error detected: PE:0 FE:1 LCR:2d
# ** Error: (vsim-8567) Illegal cross bin was hit. The bin counter for the bin 'lsr_read_cg.FIFO_ERROR_STATUS.missing_fifo_error' is 1.
#    Time: 305225 ns  Iteration: 1  Region: /uvm_pkg::uvm_task_phase::execute
# UVM_WARNING ../agents/uart_agent/uart_monitor.svh(95) @ 307730: uvm_test_top.m_env.m_rx_uart_agent.m_uart_monitor [startBitErrorDetect] False start bit detected
# UVM_INFO ../uvm_tb/env/uart_rx_scoreboard.svh(93) @ 307935: uvm_test_top.m_env.rx_sb [monitor_uart] RX Data error detected: PE:1 FE:1 LCR:2d
# ** Error: (vsim-8567) Illegal cross bin was hit. The bin counter for the bin 'lsr_read_cg.FIFO_ERROR_STATUS.missing_fifo_error' is 2.
#    Time: 308955 ns  Iteration: 1  Region: /uvm_pkg::uvm_task_phase::execute
# UVM_INFO verilog_src/uvm-1.1d/src/base/uvm_objection.svh(1268) @ 431110: reporter [TEST_DONE] 'run' phase is ready to proceed to the 'extract' phase
# UVM_INFO ../uvm_tb/env/baud_rate_checker.svh(144) @ 431110: uvm_test_top.m_env.br_sb [report_phase] No baud rate errors detected
# UVM_INFO ../uvm_tb/env/uart_modem_scoreboard.svh(207) @ 431110: uvm_test_top.m_env.modem_sb [uart_modem_scoreboard::report_phase] No modem errors observed
# UVM_ERROR ../uvm_tb/env/uart_rx_scoreboard.svh(159) @ 431110: uvm_test_top.m_env.rx_sb [report_phase] 1 characters received with undetected errors from 128 received overall
# UVM_INFO ../uvm_tb/env/uart_tx_scoreboard.svh(134) @ 431110: uvm_test_top.m_env.tx_sb [report_phase] 128 characters transmitted from the UART with no errors
# UVM_ERROR ../uvm_tb/tests/word_format_poll_test.svh(48) @ 431110: uvm_test_top [*** UVM TEST FAILED ***] RX or TX data errors detected - see scoreboard reports for more detail
# 
# --- UVM Report Summary ---
# 
# ** Report counts by severity
# UVM_INFO :   10
# UVM_WARNING :    1
# UVM_ERROR :    3
# UVM_FATAL :    0
# ** Report counts by id
# [*** UVM TEST FAILED ***]     1
# [Questa UVM]     2
# [RNTST]     1
# [TEST_DONE]     1
# [monitor_uart]     4
# [report_phase]     3
# [startBitErrorDetect]     1
# [uart_modem_scoreboard::report_phase]     1
# ** Note: $finish    : D:/icTools/qsim10.6setupFiles/win64/../verilog_src/uvm-1.1d/src/base/uvm_root.svh(430)
#    Time: 431110 ns  Iteration: 66  Instance: /uart_tb
# Saving coverage database on exit...
# End time: 16:26:45 on Aug 13,2023, Elapsed time: 0:00:09
# Errors: 2, Warnings: 0
